2022-10-12 22:44:32:4432 - [32minfo[39m : [32mA aplicação está rodando na porta: 3000[39m
2022-10-12 22:45:01:451 - [32minfo[39m : [32mConectou ao banco de dados![39m
2022-10-12 22:45:01:451 - [32minfo[39m : [32mA aplicação está rodando na porta: 3000[39m
2022-10-12 22:45:06:456 - [32minfo[39m : [32mConectou ao banco de dados![39m
2022-10-12 22:45:06:456 - [32minfo[39m : [32mA aplicação está rodando na porta: 3000[39m
2022-10-12 22:45:28:4528 - [32minfo[39m : [32mConectou ao banco de dados![39m
2022-10-12 22:45:28:4528 - [32minfo[39m : [32mA aplicação está rodando na porta: 3000[39m
2022-10-12 22:48:51:4851 - [32minfo[39m : [32mConectou ao banco de dados![39m
2022-10-12 22:48:51:4851 - [32minfo[39m : [32mA aplicação está rodando na porta: 3000[39m
2022-10-12 22:49:14:4914 - [32minfo[39m : [32mConectou ao banco de dados![39m
2022-10-12 22:49:14:4914 - [32minfo[39m : [32mA aplicação está rodando na porta: 3000[39m
2022-10-12 22:49:30:4930 - [32minfo[39m : [32mConectou ao banco de dados![39m
2022-10-12 22:49:30:4930 - [32minfo[39m : [32mA aplicação está rodando na porta: 3000[39m
2022-10-12 22:51:12:5112 - [31merror[39m : [31mNão foi possivel conectar![39m
2022-10-12 22:51:21:5121 - [32minfo[39m : [32mConectou ao banco de dados![39m
2022-10-12 22:51:21:5121 - [32minfo[39m : [32mA aplicação está rodando na porta: 3000[39m
2022-10-12 22:52:14:5214 - [32minfo[39m : [32mConectou ao banco de dados![39m
2022-10-12 22:52:14:5214 - [32minfo[39m : [32mA aplicação está rodando na porta: 3000[39m
2022-10-12 22:52:26:5226 - [32minfo[39m : [32mConectou ao banco de dados![39m
2022-10-12 22:52:26:5226 - [32minfo[39m : [32mA aplicação está rodando na porta: 3000[39m
2022-10-12 22:52:29:5229 - [35mhttp[39m : [35mGET /api//teste 200 11 - 2.276 ms[39m
[35m[39m
2022-10-12 22:56:07:567 - [32minfo[39m : [32mConectou ao banco de dados![39m
2022-10-12 22:56:07:567 - [32minfo[39m : [32mA aplicação está rodando na porta: 3000[39m
2022-10-12 22:56:36:5636 - [32minfo[39m : [32mConectou ao banco de dados![39m
2022-10-12 22:56:36:5636 - [32minfo[39m : [32mA aplicação está rodando na porta: 3000[39m
2022-10-12 22:57:02:572 - [35mhttp[39m : [35mGET /api//bird 200 2 - 58.741 ms[39m
[35m[39m
2022-10-12 22:57:36:5736 - [35mhttp[39m : [35mGET /api//bird 200 2 - 53.107 ms[39m
[35m[39m
2022-10-12 22:57:39:5739 - [35mhttp[39m : [35mGET /api/bird 200 2 - 49.677 ms[39m
[35m[39m
2022-10-12 22:58:57:5857 - [32minfo[39m : [32mConectou ao banco de dados![39m
2022-10-12 22:58:57:5857 - [32minfo[39m : [32mA aplicação está rodando na porta: 3000[39m
2022-10-12 22:59:17:5917 - [35mhttp[39m : [35mGET /api/ 404 143 - 2.811 ms[39m
[35m[39m
2022-10-12 22:59:43:5943 - [32minfo[39m : [32mConectou ao banco de dados![39m
2022-10-12 22:59:43:5943 - [32minfo[39m : [32mA aplicação está rodando na porta: 3000[39m
2022-10-12 23:00:09:09 - [35mhttp[39m : [35mGET /bird 200 2 - 61.951 ms[39m
[35m[39m
2022-10-12 23:00:16:016 - [35mhttp[39m : [35mGET /bird 200 2 - 52.945 ms[39m
[35m[39m
2022-10-12 23:00:35:035 - [35mhttp[39m : [35mGET /bird/633cafcb2d593f822c98a74f 404 34 - 54.479 ms[39m
[35m[39m
2022-10-12 23:00:55:055 - [31merror[39m : [31mErro no sistema: Cast to ObjectId failed for value "634210f59014b7fd0d89ab78\n" (type string) at path "_id" for model "Bird"[39m
2022-10-12 23:00:55:055 - [35mhttp[39m : [35mGET /bird/634210f59014b7fd0d89ab78%0A 500 40 - 2.626 ms[39m
[35m[39m
2022-10-12 23:01:01:11 - [35mhttp[39m : [35mGET /bird 200 2 - 55.267 ms[39m
[35m[39m
2022-10-12 23:01:48:148 - [32minfo[39m : [32mConectou ao banco de dados![39m
2022-10-12 23:01:48:148 - [32minfo[39m : [32mA aplicação está rodando na porta: 3000[39m
2022-10-12 23:03:22:322 - [32minfo[39m : [32mConectou ao banco de dados![39m
2022-10-12 23:03:22:322 - [32minfo[39m : [32mA aplicação está rodando na porta: 3000[39m
2022-10-12 23:03:25:325 - [35mhttp[39m : [35mGET /bird 200 2 - 63.453 ms[39m
[35m[39m
2022-10-12 23:04:04:44 - [32minfo[39m : [32mConectou ao banco de dados![39m
2022-10-12 23:04:04:44 - [32minfo[39m : [32mA aplicação está rodando na porta: 3000[39m
2022-10-12 23:04:06:46 - [35mhttp[39m : [35mPOST /bird 200 9 - 14.832 ms[39m
[35m[39m
2022-10-12 23:04:33:433 - [32minfo[39m : [32mConectou ao banco de dados![39m
2022-10-12 23:04:33:433 - [32minfo[39m : [32mA aplicação está rodando na porta: 3000[39m
2022-10-12 23:05:43:543 - [32minfo[39m : [32mConectou ao banco de dados![39m
2022-10-12 23:05:43:543 - [32minfo[39m : [32mA aplicação está rodando na porta: 3000[39m
2022-10-12 23:06:22:622 - [35mhttp[39m : [35mPOST /bird 201 396 - 87.141 ms[39m
[35m[39m
2022-10-12 23:06:30:630 - [35mhttp[39m : [35mGET /bird 200 517 - 58.581 ms[39m
[35m[39m
2022-10-12 23:08:21:821 - [32minfo[39m : [32mConectou ao banco de dados![39m
2022-10-12 23:08:21:821 - [32minfo[39m : [32mA aplicação está rodando na porta: 3000[39m
2022-10-12 23:08:24:824 - [35mhttp[39m : [35mGET /bird 200 1508 - 67.370 ms[39m
[35m[39m
2022-10-12 23:08:56:856 - [35mhttp[39m : [35mPOST /bird 422 188 - 5.898 ms[39m
[35m[39m
2022-10-12 23:09:35:935 - [35mhttp[39m : [35mGET /bird 200 1508 - 54.409 ms[39m
[35m[39m
2022-10-12 23:11:08:118 - [35mhttp[39m : [35mGET /bird 200 27983 - 102.915 ms[39m
[35m[39m
2022-10-12 23:14:51:1451 - [35mhttp[39m : [35mGET / 404 139 - 3.359 ms[39m
[35m[39m
2022-10-12 23:29:55:2955 - [35mhttp[39m : [35mGET / 404 139 - 7.266 ms[39m
[35m[39m
2022-10-12 23:30:16:3016 - [35mhttp[39m : [35mGET / 404 139 - 0.523 ms[39m
[35m[39m
2022-10-12 23:30:43:3043 - [35mhttp[39m : [35mGET /bird 200 27983 - 138.247 ms[39m
[35m[39m
2022-10-12 23:31:08:318 - [35mhttp[39m : [35mGET /bird 200 27983 - 544.300 ms[39m
[35m[39m
2022-10-12 23:32:25:3225 - [35mhttp[39m : [35mGET /bird 200 27983 - 115.957 ms[39m
[35m[39m
2022-10-12 23:32:25:3225 - [35mhttp[39m : [35mGET /bird 200 27983 - 58.415 ms[39m
[35m[39m
2022-10-12 23:32:25:3225 - [35mhttp[39m : [35mGET /bird 200 27983 - 55.351 ms[39m
[35m[39m
2022-10-12 23:32:25:3225 - [35mhttp[39m : [35mGET /bird 200 27983 - 58.659 ms[39m
[35m[39m
2022-10-12 23:33:39:3339 - [32minfo[39m : [32mConectou ao banco de dados![39m
2022-10-12 23:33:39:3339 - [32minfo[39m : [32mA aplicação está rodando na porta: 3000[39m
2022-10-12 23:33:47:3347 - [32minfo[39m : [32mConectou ao banco de dados![39m
2022-10-12 23:33:47:3347 - [32minfo[39m : [32mA aplicação está rodando na porta: 3000[39m
2022-10-12 23:33:48:3348 - [35mhttp[39m : [35mGET /bird 200 27983 - 124.385 ms[39m
[35m[39m
2022-10-12 23:33:48:3348 - [35mhttp[39m : [35mGET /bird 304 - - 56.118 ms[39m
[35m[39m
2022-10-12 23:33:49:3349 - [35mhttp[39m : [35mGET /bird 304 - - 53.633 ms[39m
[35m[39m
2022-10-12 23:33:49:3349 - [35mhttp[39m : [35mGET /bird 304 - - 55.619 ms[39m
[35m[39m
2022-10-12 23:34:04:344 - [35mhttp[39m : [35mGET /bird 304 - - 101.241 ms[39m
[35m[39m
2022-10-12 23:34:04:344 - [35mhttp[39m : [35mGET /bird 304 - - 53.881 ms[39m
[35m[39m
2022-10-12 23:34:12:3412 - [35mhttp[39m : [35mGET /bird 304 - - 101.772 ms[39m
[35m[39m
2022-10-12 23:34:12:3412 - [35mhttp[39m : [35mGET /bird 304 - - 54.344 ms[39m
[35m[39m
2022-10-12 23:37:25:3725 - [35mhttp[39m : [35mGET /bird 304 - - 105.317 ms[39m
[35m[39m
2022-10-12 23:37:40:3740 - [35mhttp[39m : [35mGET /bird 304 - - 119.040 ms[39m
[35m[39m
2022-10-12 23:38:19:3819 - [35mhttp[39m : [35mGET /bird 304 - - 98.941 ms[39m
[35m[39m
2022-10-12 23:38:22:3822 - [35mhttp[39m : [35mGET /bird 304 - - 100.514 ms[39m
[35m[39m
2022-10-12 23:39:56:3956 - [35mhttp[39m : [35mGET /bird 304 - - 101.004 ms[39m
[35m[39m
2022-10-12 23:39:56:3956 - [35mhttp[39m : [35mGET /bird 304 - - 54.425 ms[39m
[35m[39m
2022-10-12 23:40:29:4029 - [35mhttp[39m : [35mGET /bird 304 - - 113.030 ms[39m
[35m[39m
2022-10-12 23:40:36:4036 - [35mhttp[39m : [35mGET /bird 304 - - 105.951 ms[39m
[35m[39m
2022-10-12 23:40:36:4036 - [35mhttp[39m : [35mGET /bird 304 - - 52.977 ms[39m
[35m[39m
2022-10-12 23:40:55:4055 - [35mhttp[39m : [35mGET /bird 304 - - 100.704 ms[39m
[35m[39m
2022-10-12 23:40:55:4055 - [35mhttp[39m : [35mGET /bird 304 - - 53.276 ms[39m
[35m[39m
2022-10-12 23:41:11:4111 - [35mhttp[39m : [35mGET /bird 304 - - 100.183 ms[39m
[35m[39m
2022-10-12 23:42:46:4246 - [35mhttp[39m : [35mGET /bird 304 - - 102.984 ms[39m
[35m[39m
2022-10-12 23:42:51:4251 - [35mhttp[39m : [35mGET /bird 304 - - 98.246 ms[39m
[35m[39m
2022-10-12 23:42:51:4251 - [35mhttp[39m : [35mGET /bird 304 - - 52.819 ms[39m
[35m[39m
2022-10-12 23:43:00:430 - [35mhttp[39m : [35mGET /bird 304 - - 98.627 ms[39m
[35m[39m
2022-10-12 23:44:07:447 - [35mhttp[39m : [35mGET /bird 304 - - 97.112 ms[39m
[35m[39m
2022-10-12 23:44:07:447 - [35mhttp[39m : [35mGET /bird 304 - - 53.061 ms[39m
[35m[39m
2022-10-12 23:44:11:4411 - [35mhttp[39m : [35mGET /bird 304 - - 98.758 ms[39m
[35m[39m
2022-10-12 23:44:11:4411 - [35mhttp[39m : [35mGET /bird 304 - - 52.642 ms[39m
[35m[39m
2022-10-12 23:44:13:4413 - [35mhttp[39m : [35mGET /bird 304 - - 97.892 ms[39m
[35m[39m
2022-10-12 23:44:13:4413 - [35mhttp[39m : [35mGET /bird 304 - - 52.648 ms[39m
[35m[39m
2022-10-12 23:44:23:4423 - [35mhttp[39m : [35mGET /bird 304 - - 97.974 ms[39m
[35m[39m
2022-10-12 23:44:23:4423 - [35mhttp[39m : [35mGET /bird 304 - - 52.544 ms[39m
[35m[39m
2022-10-12 23:44:26:4426 - [35mhttp[39m : [35mGET /bird 304 - - 98.004 ms[39m
[35m[39m
2022-10-12 23:44:26:4426 - [35mhttp[39m : [35mGET /bird 304 - - 53.145 ms[39m
[35m[39m
2022-10-12 23:45:16:4516 - [35mhttp[39m : [35mGET /bird 304 - - 98.682 ms[39m
[35m[39m
2022-10-12 23:47:13:4713 - [35mhttp[39m : [35mGET /bird 304 - - 100.561 ms[39m
[35m[39m
2022-10-12 23:47:13:4713 - [35mhttp[39m : [35mGET /bird 304 - - 51.929 ms[39m
[35m[39m
2022-10-12 23:47:22:4722 - [35mhttp[39m : [35mGET /bird 304 - - 99.080 ms[39m
[35m[39m
2022-10-12 23:47:22:4722 - [35mhttp[39m : [35mGET /bird 304 - - 54.848 ms[39m
[35m[39m
2022-10-12 23:48:10:4810 - [35mhttp[39m : [35mGET /bird 304 - - 97.320 ms[39m
[35m[39m
2022-10-12 23:48:32:4832 - [35mhttp[39m : [35mGET /bird 304 - - 98.068 ms[39m
[35m[39m
2022-10-12 23:48:34:4834 - [35mhttp[39m : [35mGET /bird 304 - - 97.299 ms[39m
[35m[39m
2022-10-12 23:48:34:4834 - [35mhttp[39m : [35mGET /bird 304 - - 52.329 ms[39m
[35m[39m
2022-10-12 23:48:42:4842 - [35mhttp[39m : [35mGET /bird 304 - - 97.441 ms[39m
[35m[39m
2022-10-12 23:48:44:4844 - [35mhttp[39m : [35mGET /bird 304 - - 110.465 ms[39m
[35m[39m
2022-10-12 23:48:44:4844 - [35mhttp[39m : [35mGET /bird 304 - - 52.375 ms[39m
[35m[39m
2022-10-12 23:48:55:4855 - [35mhttp[39m : [35mGET /bird 304 - - 97.974 ms[39m
[35m[39m
2022-10-12 23:49:01:491 - [35mhttp[39m : [35mGET /bird 304 - - 97.977 ms[39m
[35m[39m
2022-10-12 23:50:55:5055 - [35mhttp[39m : [35mGET /bird 304 - - 100.226 ms[39m
[35m[39m
2022-10-12 23:51:15:5115 - [35mhttp[39m : [35mGET /bird 304 - - 97.421 ms[39m
[35m[39m
2022-10-12 23:51:19:5119 - [35mhttp[39m : [35mGET /bird 304 - - 105.734 ms[39m
[35m[39m
2022-10-12 23:51:19:5119 - [35mhttp[39m : [35mGET /bird 304 - - 59.269 ms[39m
[35m[39m
2022-10-12 23:51:55:5155 - [35mhttp[39m : [35mGET /bird 304 - - 98.406 ms[39m
[35m[39m
2022-10-12 23:51:58:5158 - [35mhttp[39m : [35mGET /bird 304 - - 97.153 ms[39m
[35m[39m
2022-10-12 23:51:58:5158 - [35mhttp[39m : [35mGET /bird 304 - - 51.778 ms[39m
[35m[39m
2022-10-12 23:53:49:5349 - [35mhttp[39m : [35mGET /bird 304 - - 98.431 ms[39m
[35m[39m
2022-10-12 23:53:54:5354 - [35mhttp[39m : [35mGET /bird 304 - - 97.520 ms[39m
[35m[39m
2022-10-12 23:53:54:5354 - [35mhttp[39m : [35mGET /bird 304 - - 51.918 ms[39m
[35m[39m
2022-10-12 23:54:05:545 - [35mhttp[39m : [35mGET /bird 304 - - 98.550 ms[39m
[35m[39m
2022-10-12 23:54:25:5425 - [35mhttp[39m : [35mGET /bird 304 - - 97.728 ms[39m
[35m[39m
2022-10-12 23:54:25:5425 - [35mhttp[39m : [35mGET /bird 304 - - 52.075 ms[39m
[35m[39m
2022-10-12 23:54:28:5428 - [35mhttp[39m : [35mGET /bird 304 - - 98.506 ms[39m
[35m[39m
2022-10-12 23:54:28:5428 - [35mhttp[39m : [35mGET /bird 304 - - 52.892 ms[39m
[35m[39m
2022-10-12 23:59:30:5930 - [35mhttp[39m : [35mGET /bird 304 - - 99.439 ms[39m
[35m[39m
2022-10-12 23:59:31:5931 - [35mhttp[39m : [35mGET /bird 304 - - 51.875 ms[39m
[35m[39m
2022-10-12 23:59:51:5951 - [35mhttp[39m : [35mGET /bird 304 - - 97.414 ms[39m
[35m[39m
2022-10-13 08:43:34:4334 - [32minfo[39m : [32mConectou ao banco de dados![39m
2022-10-13 08:43:34:4334 - [32minfo[39m : [32mA aplicação está rodando na porta: 3000[39m
2022-10-13 08:47:07:477 - [35mhttp[39m : [35mGET /bird 304 - - 125.600 ms[39m
[35m[39m
2022-10-13 08:47:07:477 - [35mhttp[39m : [35mGET /bird 304 - - 58.770 ms[39m
[35m[39m
2022-10-13 08:47:26:4726 - [35mhttp[39m : [35mGET /bird 304 - - 104.461 ms[39m
[35m[39m
2022-10-13 08:47:31:4731 - [35mhttp[39m : [35mGET /bird 304 - - 102.653 ms[39m
[35m[39m
2022-10-13 08:47:31:4731 - [35mhttp[39m : [35mGET /bird 304 - - 57.400 ms[39m
[35m[39m
2022-10-13 08:47:44:4744 - [35mhttp[39m : [35mGET /bird 304 - - 105.535 ms[39m
[35m[39m
2022-10-13 08:47:44:4744 - [35mhttp[39m : [35mGET /bird 304 - - 59.154 ms[39m
[35m[39m
2022-10-13 08:48:13:4813 - [35mhttp[39m : [35mGET /bird 304 - - 157.735 ms[39m
[35m[39m
2022-10-13 08:48:14:4814 - [35mhttp[39m : [35mGET /bird 304 - - 422.924 ms[39m
[35m[39m
2022-10-13 08:48:33:4833 - [35mhttp[39m : [35mGET /bird 304 - - 108.087 ms[39m
[35m[39m
2022-10-13 08:48:33:4833 - [35mhttp[39m : [35mGET /bird 304 - - 55.930 ms[39m
[35m[39m
2022-10-13 08:48:33:4833 - [35mhttp[39m : [35mGET /bird 304 - - 152.685 ms[39m
[35m[39m
2022-10-13 08:48:33:4833 - [35mhttp[39m : [35mGET /bird 304 - - 102.409 ms[39m
[35m[39m
2022-10-13 08:48:42:4842 - [35mhttp[39m : [35mGET /bird 304 - - 102.674 ms[39m
[35m[39m
2022-10-13 08:48:42:4842 - [35mhttp[39m : [35mGET /bird 304 - - 145.374 ms[39m
[35m[39m
2022-10-13 08:48:43:4843 - [35mhttp[39m : [35mGET /bird 304 - - 55.587 ms[39m
[35m[39m
2022-10-13 08:48:43:4843 - [35mhttp[39m : [35mGET /bird 304 - - 102.778 ms[39m
[35m[39m
2022-10-13 08:48:52:4852 - [35mhttp[39m : [35mGET /bird 304 - - 103.523 ms[39m
[35m[39m
2022-10-13 08:48:52:4852 - [35mhttp[39m : [35mGET /bird 304 - - 107.316 ms[39m
[35m[39m
2022-10-13 08:49:47:4947 - [35mhttp[39m : [35mGET /bird 304 - - 110.299 ms[39m
[35m[39m
2022-10-13 08:49:47:4947 - [35mhttp[39m : [35mGET /bird 304 - - 103.319 ms[39m
[35m[39m
2022-10-13 08:49:47:4947 - [35mhttp[39m : [35mGET /bird 304 - - 54.158 ms[39m
[35m[39m
2022-10-13 08:49:47:4947 - [35mhttp[39m : [35mGET /bird 304 - - 100.803 ms[39m
[35m[39m
2022-10-13 08:49:54:4954 - [35mhttp[39m : [35mGET /bird 304 - - 102.999 ms[39m
[35m[39m
2022-10-13 08:49:54:4954 - [35mhttp[39m : [35mGET /bird 304 - - 100.932 ms[39m
[35m[39m
2022-10-13 08:50:48:5048 - [35mhttp[39m : [35mGET /bird 304 - - 102.221 ms[39m
[35m[39m
2022-10-13 08:50:48:5048 - [35mhttp[39m : [35mGET /bird 304 - - 100.974 ms[39m
[35m[39m
2022-10-13 08:51:08:518 - [35mhttp[39m : [35mGET /bird 304 - - 101.865 ms[39m
[35m[39m
2022-10-13 08:51:08:518 - [35mhttp[39m : [35mGET /bird 304 - - 102.147 ms[39m
[35m[39m
2022-10-13 08:51:12:5112 - [35mhttp[39m : [35mGET /bird 304 - - 156.620 ms[39m
[35m[39m
2022-10-13 08:51:12:5112 - [35mhttp[39m : [35mGET /bird 304 - - 103.918 ms[39m
[35m[39m
2022-10-13 08:51:13:5113 - [35mhttp[39m : [35mGET /bird 304 - - 100.654 ms[39m
[35m[39m
2022-10-13 08:51:13:5113 - [35mhttp[39m : [35mGET /bird 304 - - 55.779 ms[39m
[35m[39m
2022-10-13 08:51:22:5122 - [35mhttp[39m : [35mGET /bird 304 - - 104.938 ms[39m
[35m[39m
2022-10-13 08:51:22:5122 - [35mhttp[39m : [35mGET /bird 304 - - 110.227 ms[39m
[35m[39m
2022-10-13 08:51:25:5125 - [35mhttp[39m : [35mGET /bird 304 - - 105.587 ms[39m
[35m[39m
2022-10-13 08:51:25:5125 - [35mhttp[39m : [35mGET /bird 304 - - 57.402 ms[39m
[35m[39m
2022-10-13 08:54:10:5410 - [35mhttp[39m : [35mGET /bird 304 - - 102.323 ms[39m
[35m[39m
2022-10-13 08:54:11:5411 - [35mhttp[39m : [35mGET /bird 304 - - 54.830 ms[39m
[35m[39m
2022-10-13 08:54:11:5411 - [35mhttp[39m : [35mGET /bird 304 - - 166.638 ms[39m
[35m[39m
2022-10-13 08:54:11:5411 - [35mhttp[39m : [35mGET /bird 304 - - 106.380 ms[39m
[35m[39m
2022-10-13 08:54:24:5424 - [35mhttp[39m : [35mGET /bird 304 - - 103.075 ms[39m
[35m[39m
2022-10-13 08:54:24:5424 - [35mhttp[39m : [35mGET /bird 304 - - 131.612 ms[39m
[35m[39m
2022-10-13 08:54:32:5432 - [35mhttp[39m : [35mGET /bird 304 - - 106.722 ms[39m
[35m[39m
2022-10-13 08:54:32:5432 - [35mhttp[39m : [35mGET /bird 304 - - 106.119 ms[39m
[35m[39m
2022-10-13 08:54:37:5437 - [35mhttp[39m : [35mGET /bird 304 - - 101.733 ms[39m
[35m[39m
2022-10-13 08:54:37:5437 - [35mhttp[39m : [35mGET /bird 304 - - 102.554 ms[39m
[35m[39m
2022-10-13 08:54:42:5442 - [35mhttp[39m : [35mGET /bird 304 - - 102.393 ms[39m
[35m[39m
2022-10-13 08:54:43:5443 - [35mhttp[39m : [35mGET /bird 304 - - 100.471 ms[39m
[35m[39m
2022-10-13 09:00:00:00 - [35mhttp[39m : [35mGET /bird 304 - - 103.724 ms[39m
[35m[39m
2022-10-13 09:00:00:00 - [35mhttp[39m : [35mGET /bird 304 - - 100.765 ms[39m
[35m[39m
2022-10-13 09:00:00:00 - [35mhttp[39m : [35mGET /bird 304 - - 102.081 ms[39m
[35m[39m
2022-10-13 09:00:00:00 - [35mhttp[39m : [35mGET /bird 304 - - 100.767 ms[39m
[35m[39m
2022-10-13 09:00:46:046 - [35mhttp[39m : [35mGET /bird 304 - - 106.334 ms[39m
[35m[39m
2022-10-13 09:00:46:046 - [35mhttp[39m : [35mGET /bird 304 - - 54.009 ms[39m
[35m[39m
2022-10-13 09:02:49:249 - [35mhttp[39m : [35mGET /bird 304 - - 101.002 ms[39m
[35m[39m
2022-10-13 09:02:49:249 - [35mhttp[39m : [35mGET /bird 304 - - 102.197 ms[39m
[35m[39m
2022-10-13 09:02:59:259 - [35mhttp[39m : [35mGET /bird 304 - - 106.232 ms[39m
[35m[39m
2022-10-13 09:02:59:259 - [35mhttp[39m : [35mGET /bird 304 - - 102.405 ms[39m
[35m[39m
2022-10-13 09:03:04:34 - [35mhttp[39m : [35mGET /bird 304 - - 101.636 ms[39m
[35m[39m
2022-10-13 09:03:05:35 - [35mhttp[39m : [35mGET /bird 304 - - 102.747 ms[39m
[35m[39m
2022-10-13 09:03:19:319 - [35mhttp[39m : [35mGET /bird 304 - - 123.590 ms[39m
[35m[39m
2022-10-13 09:03:20:320 - [35mhttp[39m : [35mGET /bird 304 - - 325.401 ms[39m
[35m[39m
2022-10-13 09:16:43:1643 - [35mhttp[39m : [35mGET /bird 304 - - 110.038 ms[39m
[35m[39m
2022-10-13 09:16:43:1643 - [35mhttp[39m : [35mGET /bird 304 - - 106.376 ms[39m
[35m[39m
2022-10-13 09:40:28:4028 - [35mhttp[39m : [35mGET /bird 304 - - 110.198 ms[39m
[35m[39m
2022-10-13 09:40:29:4029 - [35mhttp[39m : [35mGET /bird 304 - - 100.963 ms[39m
[35m[39m
2022-10-13 09:41:04:414 - [35mhttp[39m : [35mGET /bird 304 - - 102.183 ms[39m
[35m[39m
2022-10-13 09:41:04:414 - [35mhttp[39m : [35mGET /bird 304 - - 103.697 ms[39m
[35m[39m
2022-10-13 09:43:19:4319 - [35mhttp[39m : [35mGET /bird 304 - - 101.591 ms[39m
[35m[39m
2022-10-13 09:43:19:4319 - [35mhttp[39m : [35mGET /bird 304 - - 89.603 ms[39m
[35m[39m
2022-10-13 09:43:24:4324 - [35mhttp[39m : [35mGET /bird 304 - - 190.616 ms[39m
[35m[39m
2022-10-13 09:43:25:4325 - [35mhttp[39m : [35mGET /bird 304 - - 148.177 ms[39m
[35m[39m
2022-10-13 09:43:33:4333 - [35mhttp[39m : [35mGET /bird 304 - - 105.385 ms[39m
[35m[39m
2022-10-13 09:43:33:4333 - [35mhttp[39m : [35mGET /bird 304 - - 177.666 ms[39m
[35m[39m
2022-10-13 09:44:04:444 - [35mhttp[39m : [35mGET /bird 304 - - 101.807 ms[39m
[35m[39m
2022-10-13 09:44:05:445 - [35mhttp[39m : [35mGET /bird 304 - - 101.407 ms[39m
[35m[39m
2022-10-13 09:45:43:4543 - [35mhttp[39m : [35mGET /bird 304 - - 101.278 ms[39m
[35m[39m
2022-10-13 09:45:43:4543 - [35mhttp[39m : [35mGET /bird 304 - - 112.958 ms[39m
[35m[39m
2022-10-13 09:48:49:4849 - [35mhttp[39m : [35mGET /bird 304 - - 101.657 ms[39m
[35m[39m
2022-10-13 09:48:50:4850 - [35mhttp[39m : [35mGET /bird 304 - - 102.186 ms[39m
[35m[39m
2022-10-13 09:50:48:5048 - [35mhttp[39m : [35mGET /bird 304 - - 203.686 ms[39m
[35m[39m
2022-10-13 09:50:53:5053 - [35mhttp[39m : [35mGET /bird 304 - - 102.933 ms[39m
[35m[39m
2022-10-13 09:50:53:5053 - [35mhttp[39m : [35mGET /bird 304 - - 54.435 ms[39m
[35m[39m
2022-10-13 09:50:59:5059 - [35mhttp[39m : [35mGET /bird 304 - - 103.992 ms[39m
[35m[39m
2022-10-13 09:51:02:512 - [35mhttp[39m : [35mGET /bird 304 - - 103.304 ms[39m
[35m[39m
2022-10-13 09:51:09:519 - [35mhttp[39m : [35mGET /bird 304 - - 102.537 ms[39m
[35m[39m
2022-10-13 09:51:09:519 - [35mhttp[39m : [35mGET /bird 304 - - 54.317 ms[39m
[35m[39m
2022-10-13 09:51:12:5112 - [35mhttp[39m : [35mGET /bird 304 - - 101.712 ms[39m
[35m[39m
2022-10-13 09:51:17:5117 - [35mhttp[39m : [35mGET /bird 304 - - 105.984 ms[39m
[35m[39m
2022-10-13 09:51:26:5126 - [35mhttp[39m : [35mGET /bird 304 - - 103.293 ms[39m
[35m[39m
2022-10-13 09:52:35:5235 - [35mhttp[39m : [35mGET /bird 304 - - 102.944 ms[39m
[35m[39m
2022-10-13 09:52:53:5253 - [35mhttp[39m : [35mGET /bird 304 - - 101.351 ms[39m
[35m[39m
2022-10-13 09:55:35:5535 - [35mhttp[39m : [35mGET /bird 304 - - 103.119 ms[39m
[35m[39m
2022-10-13 09:55:35:5535 - [35mhttp[39m : [35mGET /bird 304 - - 54.152 ms[39m
[35m[39m
2022-10-13 09:55:46:5546 - [35mhttp[39m : [35mGET /bird 304 - - 103.757 ms[39m
[35m[39m
2022-10-13 09:58:19:5819 - [35mhttp[39m : [35mGET /bird 304 - - 101.420 ms[39m
[35m[39m
2022-10-13 09:58:19:5819 - [35mhttp[39m : [35mGET /bird 304 - - 54.149 ms[39m
[35m[39m
2022-10-13 10:00:38:038 - [35mhttp[39m : [35mGET /bird 304 - - 103.799 ms[39m
[35m[39m
2022-10-13 10:00:38:038 - [35mhttp[39m : [35mGET /bird 304 - - 54.231 ms[39m
[35m[39m
2022-10-13 10:00:43:043 - [35mhttp[39m : [35mGET /bird 304 - - 103.127 ms[39m
[35m[39m
2022-10-13 10:00:43:043 - [35mhttp[39m : [35mGET /bird 304 - - 54.626 ms[39m
[35m[39m
2022-10-13 10:01:13:113 - [35mhttp[39m : [35mGET /bird 304 - - 101.962 ms[39m
[35m[39m
2022-10-13 10:01:17:117 - [35mhttp[39m : [35mGET /bird 304 - - 104.185 ms[39m
[35m[39m
2022-10-13 10:08:36:836 - [35mhttp[39m : [35mGET /bird 304 - - 101.440 ms[39m
[35m[39m
2022-10-13 10:08:37:837 - [35mhttp[39m : [35mGET /bird 304 - - 54.753 ms[39m
[35m[39m
2022-10-13 10:14:27:1427 - [35mhttp[39m : [35mGET /bird 304 - - 104.432 ms[39m
[35m[39m
2022-10-13 10:14:27:1427 - [35mhttp[39m : [35mGET /bird 304 - - 54.320 ms[39m
[35m[39m
2022-10-13 10:22:11:2211 - [35mhttp[39m : [35mGET /bird 304 - - 101.870 ms[39m
[35m[39m
2022-10-13 10:22:16:2216 - [35mhttp[39m : [35mGET /bird 304 - - 105.418 ms[39m
[35m[39m
2022-10-13 10:22:16:2216 - [35mhttp[39m : [35mGET /bird 304 - - 53.663 ms[39m
[35m[39m
2022-10-13 13:46:57:4657 - [35mhttp[39m : [35mGET /bird 304 - - 428.501 ms[39m
[35m[39m
2022-10-13 13:46:57:4657 - [35mhttp[39m : [35mGET /bird 304 - - 54.976 ms[39m
[35m[39m
2022-10-13 15:01:29:129 - [35mhttp[39m : [35mGET /bird 304 - - 407.956 ms[39m
[35m[39m
2022-10-13 15:01:29:129 - [35mhttp[39m : [35mGET /bird 304 - - 54.499 ms[39m
[35m[39m
2022-10-13 15:01:33:133 - [35mhttp[39m : [35mGET /bird 304 - - 104.046 ms[39m
[35m[39m
2022-10-13 15:01:33:133 - [35mhttp[39m : [35mGET /bird 304 - - 55.728 ms[39m
[35m[39m
2022-10-13 15:01:41:141 - [35mhttp[39m : [35mGET /bird 304 - - 105.913 ms[39m
[35m[39m
2022-10-13 15:01:41:141 - [35mhttp[39m : [35mGET /bird 304 - - 55.730 ms[39m
[35m[39m
2022-10-13 15:02:05:25 - [35mhttp[39m : [35mGET /bird 304 - - 111.535 ms[39m
[35m[39m
2022-10-13 15:02:05:25 - [35mhttp[39m : [35mGET /bird 304 - - 57.529 ms[39m
[35m[39m
2022-10-13 15:02:40:240 - [35mhttp[39m : [35mGET /bird 304 - - 102.927 ms[39m
[35m[39m
2022-10-13 15:02:47:247 - [35mhttp[39m : [35mGET /bird 304 - - 103.144 ms[39m
[35m[39m
2022-10-13 15:02:47:247 - [35mhttp[39m : [35mGET /bird 304 - - 53.980 ms[39m
[35m[39m
2022-10-13 15:03:02:32 - [35mhttp[39m : [35mGET /bird 304 - - 107.212 ms[39m
[35m[39m
2022-10-13 15:03:09:39 - [35mhttp[39m : [35mGET /bird 304 - - 107.962 ms[39m
[35m[39m
2022-10-13 15:03:14:314 - [35mhttp[39m : [35mGET /bird 304 - - 106.265 ms[39m
[35m[39m
2022-10-13 15:03:25:325 - [35mhttp[39m : [35mGET /bird 304 - - 104.974 ms[39m
[35m[39m
2022-10-13 15:03:41:341 - [35mhttp[39m : [35mGET /bird 304 - - 103.145 ms[39m
[35m[39m
2022-10-13 15:04:29:429 - [35mhttp[39m : [35mGET /bird 304 - - 104.898 ms[39m
[35m[39m
2022-10-13 15:04:48:448 - [35mhttp[39m : [35mGET /bird 304 - - 106.935 ms[39m
[35m[39m
2022-10-13 15:04:48:448 - [35mhttp[39m : [35mGET /bird 304 - - 55.019 ms[39m
[35m[39m
2022-10-13 15:05:20:520 - [35mhttp[39m : [35mGET /bird 304 - - 127.142 ms[39m
[35m[39m
2022-10-13 15:06:05:65 - [35mhttp[39m : [35mGET /bird 304 - - 101.762 ms[39m
[35m[39m
2022-10-13 15:07:08:78 - [35mhttp[39m : [35mGET /bird 304 - - 104.636 ms[39m
[35m[39m
2022-10-13 15:07:11:711 - [35mhttp[39m : [35mGET /bird 304 - - 118.983 ms[39m
[35m[39m
2022-10-13 15:07:11:711 - [35mhttp[39m : [35mGET /bird 304 - - 56.439 ms[39m
[35m[39m
2022-10-13 15:07:22:722 - [35mhttp[39m : [35mGET /bird 304 - - 106.605 ms[39m
[35m[39m
2022-10-13 15:07:22:722 - [35mhttp[39m : [35mGET /bird 304 - - 55.029 ms[39m
[35m[39m
2022-10-13 15:10:41:1041 - [35mhttp[39m : [35mGET /bird 304 - - 121.972 ms[39m
[35m[39m
2022-10-13 15:10:41:1041 - [35mhttp[39m : [35mGET /bird 304 - - 61.696 ms[39m
[35m[39m
2022-10-13 19:45:47:4547 - [35mhttp[39m : [35mGET /bird 304 - - 468.401 ms[39m
[35m[39m
2022-10-13 19:45:47:4547 - [35mhttp[39m : [35mGET /bird 304 - - 55.216 ms[39m
[35m[39m
2022-10-13 19:46:23:4623 - [35mhttp[39m : [35mGET /bird 304 - - 103.061 ms[39m
[35m[39m
2022-10-13 19:47:45:4745 - [35mhttp[39m : [35mGET /bird 304 - - 105.948 ms[39m
[35m[39m
2022-10-13 19:47:58:4758 - [35mhttp[39m : [35mGET /bird 304 - - 99.538 ms[39m
[35m[39m
2022-10-13 19:48:38:4838 - [35mhttp[39m : [35mGET /bird 304 - - 100.793 ms[39m
[35m[39m
2022-10-13 19:48:38:4838 - [35mhttp[39m : [35mGET /bird 304 - - 53.679 ms[39m
[35m[39m
2022-10-13 19:49:14:4914 - [35mhttp[39m : [35mGET /bird 304 - - 106.950 ms[39m
[35m[39m
2022-10-13 19:50:20:5020 - [35mhttp[39m : [35mGET /bird 304 - - 99.218 ms[39m
[35m[39m
2022-10-13 19:50:20:5020 - [35mhttp[39m : [35mGET /bird 304 - - 54.416 ms[39m
[35m[39m
2022-10-13 19:54:33:5433 - [35mhttp[39m : [35mGET /bird 304 - - 107.004 ms[39m
[35m[39m
2022-10-13 20:42:02:422 - [35mhttp[39m : [35mGET /bird 304 - - 109.790 ms[39m
[35m[39m
2022-10-13 20:42:02:422 - [35mhttp[39m : [35mGET /bird 304 - - 56.373 ms[39m
[35m[39m
2022-10-13 20:42:02:422 - [35mhttp[39m : [35mGET /bird 304 - - 104.416 ms[39m
[35m[39m
2022-10-13 20:42:02:422 - [35mhttp[39m : [35mGET /bird 304 - - 52.961 ms[39m
[35m[39m
2022-10-13 20:45:18:4518 - [35mhttp[39m : [35mGET /bird 304 - - 102.739 ms[39m
[35m[39m
2022-10-13 20:45:18:4518 - [35mhttp[39m : [35mGET /bird 304 - - 57.488 ms[39m
[35m[39m
2022-10-13 20:46:40:4640 - [35mhttp[39m : [35mGET /bird 304 - - 104.975 ms[39m
[35m[39m
2022-10-13 20:46:40:4640 - [35mhttp[39m : [35mGET /bird 304 - - 53.443 ms[39m
[35m[39m
2022-10-13 21:20:04:204 - [35mhttp[39m : [35mGET /bird 304 - - 152.865 ms[39m
[35m[39m
2022-10-13 21:20:18:2018 - [35mhttp[39m : [35mGET /bird 304 - - 102.724 ms[39m
[35m[39m
2022-10-13 21:22:03:223 - [35mhttp[39m : [35mGET /bird 304 - - 100.578 ms[39m
[35m[39m
2022-10-13 21:22:22:2222 - [35mhttp[39m : [35mGET /bird 304 - - 99.582 ms[39m
[35m[39m
2022-10-14 10:11:26:1126 - [35mhttp[39m : [35mGET /bird 304 - - 439.216 ms[39m
[35m[39m
2022-10-14 10:11:26:1126 - [35mhttp[39m : [35mGET /bird 304 - - 52.289 ms[39m
[35m[39m
2022-10-14 10:25:52:2552 - [35mhttp[39m : [35mGET / 404 139 - 9.585 ms[39m
[35m[39m
2022-10-14 10:25:56:2556 - [35mhttp[39m : [35mGET /bird 304 - - 102.278 ms[39m
[35m[39m
2022-10-14 10:25:56:2556 - [35mhttp[39m : [35mGET /bird 304 - - 56.574 ms[39m
[35m[39m
